[debug] [2022-10-10T18:34:57.742Z] ----------------------------------------------------------------------
[debug] [2022-10-10T18:34:57.744Z] Command:       /usr/local/bin/node /usr/local/bin/firebase init
[debug] [2022-10-10T18:34:57.745Z] CLI Version:   11.14.0
[debug] [2022-10-10T18:34:57.745Z] Platform:      darwin
[debug] [2022-10-10T18:34:57.745Z] Node Version:  v18.10.0
[debug] [2022-10-10T18:34:57.746Z] Time:          Mon Oct 10 2022 20:34:57 GMT+0200 (South Africa Standard Time)
[debug] [2022-10-10T18:34:57.747Z] ----------------------------------------------------------------------
[debug] 
[debug] [2022-10-10T18:34:57.755Z] > command requires scopes: ["email","openid","https://www.googleapis.com/auth/cloudplatformprojects.readonly","https://www.googleapis.com/auth/firebase","https://www.googleapis.com/auth/cloud-platform"]
[debug] [2022-10-10T18:34:57.756Z] > authorizing via signed-in user (khosibane4@gmail.com)
[info] 
     ######## #### ########  ######## ########     ###     ######  ########
     ##        ##  ##     ## ##       ##     ##  ##   ##  ##       ##
     ######    ##  ########  ######   ########  #########  ######  ######
     ##        ##  ##    ##  ##       ##     ## ##     ##       ## ##
     ##       #### ##     ## ######## ########  ##     ##  ######  ########

You're about to initialize a Firebase project in this directory:

  /Users/imac/Desktop/react-portolio

[info] 
=== Project Setup
[info] 
[info] First, let's associate this project directory with a Firebase project.
[info] You can create multiple project aliases by running firebase use --add, 
[info] but for now we'll just set up a default project.
[info] 
[debug] [2022-10-10T18:35:36.733Z] >>> [apiv2][query] GET https://firebase.googleapis.com/v1beta1/projects pageSize=100
[debug] [2022-10-10T18:35:37.929Z] <<< [apiv2][status] GET https://firebase.googleapis.com/v1beta1/projects 200
[debug] [2022-10-10T18:35:37.929Z] <<< [apiv2][body] GET https://firebase.googleapis.com/v1beta1/projects [omitted]
[info] i  Using project my-portfolio-e9e57 (my-portfolio) 
[info] 
=== Hosting Setup
[info] 
[info] Your public directory is the folder (relative to your project directory) that
[info] will contain Hosting assets to be uploaded with firebase deploy. If you
[info] have a build process for your assets, use your build's output directory.
[info] 
[info] ✔  Wrote public/404.html 
[debug] [2022-10-10T18:36:20.802Z] >>> [apiv2][query] GET https://www.gstatic.com/firebasejs/releases.json [none]
[debug] [2022-10-10T18:36:21.106Z] <<< [apiv2][status] GET https://www.gstatic.com/firebasejs/releases.json 200
[debug] [2022-10-10T18:36:21.106Z] <<< [apiv2][body] GET https://www.gstatic.com/firebasejs/releases.json {"current":{"version":"9.11.0","browserURL":"https://www.gstatic.com/firebasejs/9.11.0/firebase.js","packageURL":"https://www.gstatic.com/firebasejs/9.11.0/firebase.tgz"},"live":{"version":"9.11","browserURL":"https://www.gstatic.com/firebasejs/live/9.11/firebase.js","packageURL":"https://www.gstatic.com/firebasejs/live/9.11/firebase.tgz"},"components":{"analytics":"https://www.gstatic.com/firebasejs/9.11.0/firebase-analytics.js","app":"https://www.gstatic.com/firebasejs/9.11.0/firebase-app.js","app-check":"https://www.gstatic.com/firebasejs/9.11.0/firebase-app-check.js","auth":"https://www.gstatic.com/firebasejs/9.11.0/firebase-auth.js","auth/cordova":"https://www.gstatic.com/firebasejs/9.11.0/firebase-auth/cordova.js","auth/react-native":"https://www.gstatic.com/firebasejs/9.11.0/firebase-auth/react-native.js","functions":"https://www.gstatic.com/firebasejs/9.11.0/firebase-functions.js","firestore":"https://www.gstatic.com/firebasejs/9.11.0/firebase-firestore.js","firestore/lite":"https://www.gstatic.com/firebasejs/9.11.0/firebase-firestore/lite.js","installations":"https://www.gstatic.com/firebasejs/9.11.0/firebase-installations.js","storage":"https://www.gstatic.com/firebasejs/9.11.0/firebase-storage.js","performance":"https://www.gstatic.com/firebasejs/9.11.0/firebase-performance.js","remote-config":"https://www.gstatic.com/firebasejs/9.11.0/firebase-remote-config.js","messaging":"https://www.gstatic.com/firebasejs/9.11.0/firebase-messaging.js","messaging/sw":"https://www.gstatic.com/firebasejs/9.11.0/firebase-messaging/sw.js","database":"https://www.gstatic.com/firebasejs/9.11.0/firebase-database.js","firestore.memory":"https://www.gstatic.com/firebasejs/9.11.0/firebase-firestore.memory.js"}}
[info] i  Skipping write of public/index.html 
[info] 
[info] i  Detected a .git folder at /Users/imac/Desktop/react-portolio 
[info] i  Authorizing with GitHub to upload your service account to a GitHub repository's secrets store. 
[info] 
[info] Visit this URL on this device to log in:
[info] https://github.com/login/oauth/authorize?client_id=89cf50f02ac6aaed3484&state=559984386&redirect_uri=http%3A%2F%2Flocalhost%3A9005&scope=read%3Auser%20repo%20public_repo
[info] 
[info] Waiting for authentication...
[debug] [2022-10-10T18:37:40.045Z] >>> [apiv2][query] POST https://github.com/login/oauth/access_token [none]
[debug] [2022-10-10T18:37:40.045Z] >>> [apiv2][body] POST https://github.com/login/oauth/access_token [stream]
[debug] [2022-10-10T18:37:41.232Z] <<< [apiv2][status] POST https://github.com/login/oauth/access_token 200
[debug] [2022-10-10T18:37:41.233Z] <<< [apiv2][body] POST https://github.com/login/oauth/access_token {"access_token":"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","token_type":"bearer","scope":"read:user,repo"}
[debug] [2022-10-10T18:37:41.241Z] >>> [apiv2][query] GET https://api.github.com/user [none]
[debug] [2022-10-10T18:37:42.102Z] <<< [apiv2][status] GET https://api.github.com/user 200
[debug] [2022-10-10T18:37:42.102Z] <<< [apiv2][body] GET https://api.github.com/user {"login":"Ninja95-cyber","id":61336299,"node_id":"MDQ6VXNlcjYxMzM2Mjk5","avatar_url":"https://avatars.githubusercontent.com/u/61336299?v=4","gravatar_id":"","url":"https://api.github.com/users/Ninja95-cyber","html_url":"https://github.com/Ninja95-cyber","followers_url":"https://api.github.com/users/Ninja95-cyber/followers","following_url":"https://api.github.com/users/Ninja95-cyber/following{/other_user}","gists_url":"https://api.github.com/users/Ninja95-cyber/gists{/gist_id}","starred_url":"https://api.github.com/users/Ninja95-cyber/starred{/owner}{/repo}","subscriptions_url":"https://api.github.com/users/Ninja95-cyber/subscriptions","organizations_url":"https://api.github.com/users/Ninja95-cyber/orgs","repos_url":"https://api.github.com/users/Ninja95-cyber/repos","events_url":"https://api.github.com/users/Ninja95-cyber/events{/privacy}","received_events_url":"https://api.github.com/users/Ninja95-cyber/received_events","type":"User","site_admin":false,"name":null,"company":null,"blog":"","location":null,"email":null,"hireable":null,"bio":null,"twitter_username":null,"public_repos":6,"public_gists":0,"followers":0,"following":1,"created_at":"2020-02-22T00:27:50Z","updated_at":"2022-10-03T10:35:29Z","private_gists":0,"total_private_repos":0,"owned_private_repos":0,"disk_usage":11540,"collaborators":0,"two_factor_authentication":false,"plan":{"name":"free","space":976562499,"collaborators":0,"private_repos":10000}}
[info] 
[info] ✔  Success! Logged into GitHub as Ninja95-cyber 
[info] 
